
=== Fri Dec 16 17:55:17 2022

Packages were changed.
Update Mode: mergeDefaultDependencies

The following packages were 已添加:
  com.unity.modules.ai@1.0.0
  com.unity.modules.androidjni@1.0.0
  com.unity.modules.animation@1.0.0
  com.unity.modules.assetbundle@1.0.0
  com.unity.modules.audio@1.0.0
  com.unity.modules.cloth@1.0.0
  com.unity.modules.director@1.0.0
  com.unity.modules.imageconversion@1.0.0
  com.unity.modules.imgui@1.0.0
  com.unity.modules.jsonserialize@1.0.0
  com.unity.modules.particlesystem@1.0.0
  com.unity.modules.physics@1.0.0
  com.unity.modules.physics2d@1.0.0
  com.unity.modules.screencapture@1.0.0
  com.unity.modules.terrain@1.0.0
  com.unity.modules.terrainphysics@1.0.0
  com.unity.modules.tilemap@1.0.0
  com.unity.modules.ui@1.0.0
  com.unity.modules.uielements@1.0.0
  com.unity.modules.umbra@1.0.0
  com.unity.modules.unityanalytics@1.0.0
  com.unity.modules.unitywebrequest@1.0.0
  com.unity.modules.unitywebrequestassetbundle@1.0.0
  com.unity.modules.unitywebrequestaudio@1.0.0
  com.unity.modules.unitywebrequesttexture@1.0.0
  com.unity.modules.unitywebrequestwww@1.0.0
  com.unity.modules.vehicles@1.0.0
  com.unity.modules.video@1.0.0
  com.unity.modules.vr@1.0.0
  com.unity.modules.wind@1.0.0
  com.unity.modules.xr@1.0.0
The following packages were 已更新:
  com.unity.collab-proxy 从版本 1.9.0 到 1.17.7
  com.unity.ide.rider 从版本 3.0.7 到 3.0.16
  com.unity.ide.visualstudio 从版本 2.0.11 到 2.0.16
  com.unity.ide.vscode 从版本 1.2.4 到 1.2.5
  com.unity.test-framework 从版本 1.1.29 到 1.1.31
  com.unity.timeline 从版本 1.6.2 到 1.6.4
  com.unity.visualscripting 从版本 1.7.2 到 1.7.8

=== Sat Dec 17 10:22:42 2022

Packages were changed.
Update Mode: updateDependencies

The following packages were 已更新:
  com.unity.2d.animation 从版本 3.2.11 到 7.0.9
  com.unity.2d.pixel-perfect 从版本 2.1.0 到 5.0.3
  com.unity.2d.psdimporter 从版本 2.1.8 到 6.0.6
  com.unity.2d.spriteshape 从版本 3.0.17 到 7.0.6
  com.unity.collab-proxy 从版本 1.10.2 到 1.17.7
  com.unity.ide.rider 从版本 1.2.1 到 3.0.16
  com.unity.ide.visualstudio 从版本 2.0.11 到 2.0.16
  com.unity.ide.vscode 从版本 1.2.4 到 1.2.5
  com.unity.postprocessing 从版本 3.1.1 到 3.2.2
  com.unity.test-framework 从版本 1.1.29 到 1.1.31
  com.unity.textmeshpro 从版本 2.1.6 到 3.0.6
  com.unity.timeline 从版本 1.2.18 到 1.6.4

=== Sat Dec 17 10:22:42 2022

Packages were changed.
Update Mode: mergeDefaultDependencies

The following packages were 已添加:
  com.unity.2d.animation@7.0.9
  com.unity.2d.pixel-perfect@5.0.3
  com.unity.2d.psdimporter@6.0.6
  com.unity.2d.sprite@1.0.0
  com.unity.2d.spriteshape@7.0.6
  com.unity.2d.tilemap@1.0.0
  com.unity.package-validation-suite@0.23.4-preview
  com.unity.postprocessing@3.2.2
